<?xml version="1.0" encoding="UTF-8"?>
<testng-results ignored="0" total="3" passed="1" failed="2" skipped="0">
  <reporter-output>
  </reporter-output>
  <suite started-at="2026-04-19T13:45:34 IST" name="Goibibo Automation Suite" finished-at="2026-04-19T13:48:06 IST" duration-ms="152517">
    <groups>
      <group name="cucumber">
        <method signature="AbstractTestNGCucumberTests.runScenario(io.cucumber.testng.PickleWrapper,io.cucumber.testng.FeatureWrapper)[pri:0, instance:com.goibibo.runner.TestRunner@49ec71f8]" name="runScenario" class="io.cucumber.testng.AbstractTestNGCucumberTests"/>
      </group> <!-- cucumber -->
    </groups>
    <test started-at="2026-04-19T13:45:34 IST" name="Goibibo Full Automation Test" finished-at="2026-04-19T13:48:06 IST" duration-ms="152517">
      <class name="com.goibibo.runner.TestRunner">
        <test-method is-config="true" signature="setUpClass(org.testng.ITestContext)[pri:0, instance:com.goibibo.runner.TestRunner@49ec71f8]" started-at="2026-04-19T13:45:34 IST" name="setUpClass" finished-at="2026-04-19T13:45:34 IST" duration-ms="298" status="PASS">
          <params>
            <param index="0">
              <value>
                <![CDATA[org.testng.TestRunner@6f6c8d45]]>
              </value>
            </param>
          </params>
          <reporter-output>
          </reporter-output>
        </test-method> <!-- setUpClass -->
        <test-method signature="runScenario(io.cucumber.testng.PickleWrapper,io.cucumber.testng.FeatureWrapper)[pri:0, instance:com.goibibo.runner.TestRunner@49ec71f8]" started-at="2026-04-19T13:45:34 IST" name="runScenario" description="Runs Cucumber Scenarios" data-provider="scenarios" finished-at="2026-04-19T13:46:55 IST" duration-ms="81502" status="PASS">
          <params>
            <param index="0">
              <value>
                <![CDATA["Book a one way outstation cab from Delhi Cantt to Manali and select SUV"]]>
              </value>
            </param>
            <param index="1">
              <value>
                <![CDATA["Goibibo Automation - Cab, Hotel and Gift Card booking flow"]]>
              </value>
            </param>
          </params>
          <reporter-output>
          </reporter-output>
        </test-method> <!-- runScenario -->
        <test-method signature="runScenario(io.cucumber.testng.PickleWrapper,io.cucumber.testng.FeatureWrapper)[pri:0, instance:com.goibibo.runner.TestRunner@49ec71f8]" started-at="2026-04-19T13:46:55 IST" name="runScenario" description="Runs Cucumber Scenarios" data-provider="scenarios" finished-at="2026-04-19T13:47:32 IST" duration-ms="36125" status="FAIL">
          <params>
            <param index="0">
              <value>
                <![CDATA["Search for hotels in Manali Mall Road with 4 adults"]]>
              </value>
            </param>
            <param index="1">
              <value>
                <![CDATA["Goibibo Automation - Cab, Hotel and Gift Card booking flow"]]>
              </value>
            </param>
          </params>
          <exception class="org.openqa.selenium.TimeoutException">
            <message>
              <![CDATA[Expected condition failed: waiting for element to be clickable: By.xpath: //input[@placeholder[contains(.,'City') or contains(.,'area') or contains(.,'property') or contains(.,'destination')]] | //input[@type='text' and contains(@class,'search')] | (//input[@type='text'])[1] (tried for 20 second(s) with 500 milliseconds interval)
Build info: version: '4.18.1', revision: 'b1d3319b48'
System info: os.name: 'Mac OS X', os.arch: 'aarch64', os.version: '26.4', java.version: '21.0.9'
Driver info: org.openqa.selenium.chrome.ChromeDriver
Capabilities {acceptInsecureCerts: false, browserName: chrome, browserVersion: 147.0.7727.56, chrome: {chromedriverVersion: 147.0.7727.57 (b4f28b5637d0..., userDataDir: /var/folders/zz/kjx9x1cx2_x...}, fedcm:accounts: true, goog:chromeOptions: {debuggerAddress: localhost:55748}, goog:processID: 38182, networkConnectionEnabled: false, pageLoadStrategy: normal, platformName: mac, proxy: Proxy(), se:cdp: ws://localhost:55748/devtoo..., se:cdpVersion: 147.0.7727.56, setWindowRect: true, strictFileInteractability: false, timeouts: {implicit: 0, pageLoad: 300000, script: 30000}, unhandledPromptBehavior: dismiss and notify, webauthn:extension:credBlob: true, webauthn:extension:largeBlob: true, webauthn:extension:minPinLength: true, webauthn:extension:prf: true, webauthn:virtualAuthenticators: true}
Session ID: f8257440769c4e9f35606a0a62fdc94b]]>
            </message>
            <full-stacktrace>
              <![CDATA[org.openqa.selenium.TimeoutException: Expected condition failed: waiting for element to be clickable: By.xpath: //input[@placeholder[contains(.,'City') or contains(.,'area') or contains(.,'property') or contains(.,'destination')]] | //input[@type='text' and contains(@class,'search')] | (//input[@type='text'])[1] (tried for 20 second(s) with 500 milliseconds interval)
Build info: version: '4.18.1', revision: 'b1d3319b48'
System info: os.name: 'Mac OS X', os.arch: 'aarch64', os.version: '26.4', java.version: '21.0.9'
Driver info: org.openqa.selenium.chrome.ChromeDriver
Capabilities {acceptInsecureCerts: false, browserName: chrome, browserVersion: 147.0.7727.56, chrome: {chromedriverVersion: 147.0.7727.57 (b4f28b5637d0..., userDataDir: /var/folders/zz/kjx9x1cx2_x...}, fedcm:accounts: true, goog:chromeOptions: {debuggerAddress: localhost:55748}, goog:processID: 38182, networkConnectionEnabled: false, pageLoadStrategy: normal, platformName: mac, proxy: Proxy(), se:cdp: ws://localhost:55748/devtoo..., se:cdpVersion: 147.0.7727.56, setWindowRect: true, strictFileInteractability: false, timeouts: {implicit: 0, pageLoad: 300000, script: 30000}, unhandledPromptBehavior: dismiss and notify, webauthn:extension:credBlob: true, webauthn:extension:largeBlob: true, webauthn:extension:minPinLength: true, webauthn:extension:prf: true, webauthn:virtualAuthenticators: true}
Session ID: f8257440769c4e9f35606a0a62fdc94b
at org.openqa.selenium.support.ui.WebDriverWait.timeoutException(WebDriverWait.java:84)
at org.openqa.selenium.support.ui.FluentWait.until(FluentWait.java:228)
at com.goibibo.pages.HotelsPage.enterHotelLocation(HotelsPage.java:53)
at com.goibibo.stepDefs.GoibiboStepDefs.i_enter_in_hotel_search(GoibiboStepDefs.java:132)
at ✽.I enter "Manali Mall Road" in hotel search(file:///Users/shoebiqbal/Desktop/cucumberBDD/travelingSite-AutomationTesting/goibibo-automation/src/test/resources/features/GoibiboTest.feature:25)
]]>
            </full-stacktrace>
          </exception> <!-- org.openqa.selenium.TimeoutException -->
          <reporter-output>
          </reporter-output>
        </test-method> <!-- runScenario -->
        <test-method signature="runScenario(io.cucumber.testng.PickleWrapper,io.cucumber.testng.FeatureWrapper)[pri:0, instance:com.goibibo.runner.TestRunner@49ec71f8]" started-at="2026-04-19T13:47:32 IST" name="runScenario" description="Runs Cucumber Scenarios" data-provider="scenarios" finished-at="2026-04-19T13:48:06 IST" duration-ms="34481" status="FAIL">
          <params>
            <param index="0">
              <value>
                <![CDATA["Navigate to Gift Cards from the login menu"]]>
              </value>
            </param>
            <param index="1">
              <value>
                <![CDATA["Goibibo Automation - Cab, Hotel and Gift Card booking flow"]]>
              </value>
            </param>
          </params>
          <exception class="org.openqa.selenium.TimeoutException">
            <message>
              <![CDATA[Expected condition failed: waiting for element to be clickable: By.xpath: //span[contains(text(),'Login')] (tried for 20 second(s) with 500 milliseconds interval)
Build info: version: '4.18.1', revision: 'b1d3319b48'
System info: os.name: 'Mac OS X', os.arch: 'aarch64', os.version: '26.4', java.version: '21.0.9'
Driver info: org.openqa.selenium.chrome.ChromeDriver
Capabilities {acceptInsecureCerts: false, browserName: chrome, browserVersion: 147.0.7727.56, chrome: {chromedriverVersion: 147.0.7727.57 (b4f28b5637d0..., userDataDir: /var/folders/zz/kjx9x1cx2_x...}, fedcm:accounts: true, goog:chromeOptions: {debuggerAddress: localhost:55777}, goog:processID: 38285, networkConnectionEnabled: false, pageLoadStrategy: normal, platformName: mac, proxy: Proxy(), se:cdp: ws://localhost:55777/devtoo..., se:cdpVersion: 147.0.7727.56, setWindowRect: true, strictFileInteractability: false, timeouts: {implicit: 0, pageLoad: 300000, script: 30000}, unhandledPromptBehavior: dismiss and notify, webauthn:extension:credBlob: true, webauthn:extension:largeBlob: true, webauthn:extension:minPinLength: true, webauthn:extension:prf: true, webauthn:virtualAuthenticators: true}
Session ID: cedc841d4595f9ec3d952e473eee3ff5]]>
            </message>
            <full-stacktrace>
              <![CDATA[org.openqa.selenium.TimeoutException: Expected condition failed: waiting for element to be clickable: By.xpath: //span[contains(text(),'Login')] (tried for 20 second(s) with 500 milliseconds interval)
Build info: version: '4.18.1', revision: 'b1d3319b48'
System info: os.name: 'Mac OS X', os.arch: 'aarch64', os.version: '26.4', java.version: '21.0.9'
Driver info: org.openqa.selenium.chrome.ChromeDriver
Capabilities {acceptInsecureCerts: false, browserName: chrome, browserVersion: 147.0.7727.56, chrome: {chromedriverVersion: 147.0.7727.57 (b4f28b5637d0..., userDataDir: /var/folders/zz/kjx9x1cx2_x...}, fedcm:accounts: true, goog:chromeOptions: {debuggerAddress: localhost:55777}, goog:processID: 38285, networkConnectionEnabled: false, pageLoadStrategy: normal, platformName: mac, proxy: Proxy(), se:cdp: ws://localhost:55777/devtoo..., se:cdpVersion: 147.0.7727.56, setWindowRect: true, strictFileInteractability: false, timeouts: {implicit: 0, pageLoad: 300000, script: 30000}, unhandledPromptBehavior: dismiss and notify, webauthn:extension:credBlob: true, webauthn:extension:largeBlob: true, webauthn:extension:minPinLength: true, webauthn:extension:prf: true, webauthn:virtualAuthenticators: true}
Session ID: cedc841d4595f9ec3d952e473eee3ff5
at org.openqa.selenium.support.ui.WebDriverWait.timeoutException(WebDriverWait.java:84)
at org.openqa.selenium.support.ui.FluentWait.until(FluentWait.java:228)
at com.goibibo.utils.WaitUtils.waitForElementClickable(WaitUtils.java:26)
at com.goibibo.pages.HomePage.clickLoginSignup(HomePage.java:49)
at com.goibibo.stepDefs.GoibiboStepDefs.i_click_on_the_login_signup_button(GoibiboStepDefs.java:178)
at ✽.I click on the Login Signup button(file:///Users/shoebiqbal/Desktop/cucumberBDD/travelingSite-AutomationTesting/goibibo-automation/src/test/resources/features/GoibiboTest.feature:35)
]]>
            </full-stacktrace>
          </exception> <!-- org.openqa.selenium.TimeoutException -->
          <reporter-output>
          </reporter-output>
        </test-method> <!-- runScenario -->
        <test-method is-config="true" signature="tearDownClass()[pri:0, instance:com.goibibo.runner.TestRunner@49ec71f8]" started-at="2026-04-19T13:48:06 IST" name="tearDownClass" finished-at="2026-04-19T13:48:06 IST" duration-ms="82" status="PASS">
          <reporter-output>
          </reporter-output>
        </test-method> <!-- tearDownClass -->
      </class> <!-- com.goibibo.runner.TestRunner -->
    </test> <!-- Goibibo Full Automation Test -->
  </suite> <!-- Goibibo Automation Suite -->
</testng-results>
